<?xml version="1.0" encoding="utf-8"?><testsuites name="pytest tests"><testsuite name="pytest" errors="0" failures="0" skipped="0" tests="13" time="4.790" timestamp="2026-04-16T20:32:29.670809+00:00" hostname="agent-env-859b4f24-12f3-407e-86d2-f9a2dddde846"><testcase classname="tests.test_transport_api.TestHealthAndRoutes" name="test_api_root" time="2.267" /><testcase classname="tests.test_transport_api.TestHealthAndRoutes" name="test_get_routes_returns_8_routes" time="0.130" /><testcase classname="tests.test_transport_api.TestModelsEndpoint" name="test_get_models_returns_available_models" time="0.138" /><testcase classname="tests.test_transport_api.TestPredictEndpoint" name="test_predict_with_valid_request" time="0.137" /><testcase classname="tests.test_transport_api.TestPredictEndpoint" name="test_predict_with_different_models" time="0.451" /><testcase classname="tests.test_transport_api.TestPredictEndpoint" name="test_predict_with_different_routes" time="0.555" /><testcase classname="tests.test_transport_api.TestHistoricalEndpoint" name="test_get_historical_data" time="0.106" /><testcase classname="tests.test_transport_api.TestHistoricalEndpoint" name="test_get_historical_with_limit" time="0.119" /><testcase classname="tests.test_transport_api.TestModelComparisonEndpoint" name="test_get_model_comparison" time="0.144" /><testcase classname="tests.test_transport_api.TestPipelineStatusEndpoint" name="test_get_pipeline_status" time="0.124" /><testcase classname="tests.test_transport_api.TestRouteStatsEndpoint" name="test_get_route_stats" time="0.125" /><testcase classname="tests.test_transport_api.TestEdgeCases" name="test_predict_with_invalid_model" time="0.222" /><testcase classname="tests.test_transport_api.TestEdgeCases" name="test_historical_with_max_limit" time="0.180" /></testsuite></testsuites>