<?xml version="1.0" encoding="utf-8"?><testsuites name="pytest tests"><testsuite name="pytest" errors="0" failures="0" skipped="0" tests="15" time="106.775" timestamp="2026-04-16T20:50:54.765669+00:00" hostname="agent-env-859b4f24-12f3-407e-86d2-f9a2dddde846"><testcase classname="tests.test_transport_api.TestHealthAndRoutes" name="test_api_root" time="3.903" /><testcase classname="tests.test_transport_api.TestHealthAndRoutes" name="test_get_routes_returns_8_routes" time="0.120" /><testcase classname="tests.test_transport_api.TestModelsEndpoint" name="test_get_models_returns_real_models" time="0.232" /><testcase classname="tests.test_transport_api.TestRealModelPrediction" name="test_predict_with_prophet_high_confidence" time="0.220" /><testcase classname="tests.test_transport_api.TestRealModelPrediction" name="test_predict_with_tensorflow_lstm_high_confidence" time="0.424" /><testcase classname="tests.test_transport_api.TestRealModelPrediction" name="test_predict_with_pytorch_lstm_high_confidence" time="0.151" /><testcase classname="tests.test_transport_api.TestRealModelPrediction" name="test_predict_with_different_routes" time="0.663" /><testcase classname="tests.test_transport_api.TestGTFSIntegration" name="test_gtfs_status_returns_routes_count" time="0.120" /><testcase classname="tests.test_transport_api.TestLiveFeed" name="test_live_feed_returns_real_time_observations" time="0.122" /><testcase classname="tests.test_transport_api.TestSchedulerAndPipelineStatus" name="test_pipeline_status_includes_scheduler_active" time="0.170" /><testcase classname="tests.test_transport_api.TestSchedulerAndPipelineStatus" name="test_scheduler_retrain_endpoint_exists" time="65.206" /><testcase classname="tests.test_transport_api.TestModelComparison" name="test_model_comparison_returns_real_metrics" time="34.857" /><testcase classname="tests.test_transport_api.TestHistoricalEndpoint" name="test_get_historical_data" time="0.178" /><testcase classname="tests.test_transport_api.TestRouteStatsEndpoint" name="test_get_route_stats" time="0.144" /><testcase classname="tests.test_transport_api.TestEdgeCases" name="test_predict_with_invalid_model_falls_back" time="0.152" /></testsuite></testsuites>